<?xml version="1.0" encoding="UTF-8"?>
<robot generator="Robot 3.2.2 (Python 3.9.1 on linux)" generated="20210116 23:34:18.141" rpa="false">
<suite id="s1" name="labOpenCart" source="/home/sadman/Code/other/iot_course_tasks/7_semester/automation-qa/labOpenCart.robot">
<kw name="Open Browser" library="SeleniumLibrary" type="setup">
<doc>Opens a new browser instance to the optional ``url``.</doc>
<arguments>
<arg>${URL}</arg>
<arg>${BROWSER}</arg>
</arguments>
<msg timestamp="20210116 23:34:18.215" level="INFO">Opening browser 'chrome' to base url 'http://localhost'.</msg>
<status status="PASS" starttime="20210116 23:34:18.215" endtime="20210116 23:34:19.911"></status>
</kw>
<test id="s1-t1" name="Search For Cameras">
<kw name="Set Screenshot Directory" library="SeleniumLibrary" type="setup">
<doc>Sets the directory for captured screenshots.</doc>
<arguments>
<arg>searchScreenshots</arg>
</arguments>
<status status="PASS" starttime="20210116 23:34:19.912" endtime="20210116 23:34:19.913"></status>
</kw>
<kw name="Maximize Browser Window" library="SeleniumLibrary">
<doc>Maximizes current browser window.</doc>
<status status="PASS" starttime="20210116 23:34:19.913" endtime="20210116 23:34:20.017"></status>
</kw>
<kw name="Click Link" library="SeleniumLibrary">
<doc>Clicks a link identified by ``locator``.</doc>
<arguments>
<arg>Cameras</arg>
</arguments>
<msg timestamp="20210116 23:34:20.018" level="INFO">Clicking link 'Cameras'.</msg>
<status status="PASS" starttime="20210116 23:34:20.018" endtime="20210116 23:34:20.220"></status>
</kw>
<status status="PASS" starttime="20210116 23:34:19.911" endtime="20210116 23:34:20.220" critical="yes"></status>
</test>
<test id="s1-t2" name="Choose the Nikon camera">
<kw name="Set Screenshot Directory" library="SeleniumLibrary" type="setup">
<doc>Sets the directory for captured screenshots.</doc>
<arguments>
<arg>searchScreenshots</arg>
</arguments>
<status status="PASS" starttime="20210116 23:34:20.221" endtime="20210116 23:34:20.222"></status>
</kw>
<kw name="Click Link" library="SeleniumLibrary">
<doc>Clicks a link identified by ``locator``.</doc>
<arguments>
<arg>Nikon D300</arg>
</arguments>
<msg timestamp="20210116 23:34:20.222" level="INFO">Clicking link 'Nikon D300'.</msg>
<status status="PASS" starttime="20210116 23:34:20.222" endtime="20210116 23:34:21.371"></status>
</kw>
<status status="PASS" starttime="20210116 23:34:20.221" endtime="20210116 23:34:21.372" critical="yes"></status>
</test>
<test id="s1-t3" name="Add the camera to the cart">
<kw name="Set Screenshot Directory" library="SeleniumLibrary" type="setup">
<doc>Sets the directory for captured screenshots.</doc>
<arguments>
<arg>searchScreenshots</arg>
</arguments>
<status status="PASS" starttime="20210116 23:34:21.373" endtime="20210116 23:34:21.373"></status>
</kw>
<kw name="Clear Element Text" library="SeleniumLibrary">
<doc>Clears the value of the text-input-element identified by ``locator``.</doc>
<arguments>
<arg>id:input-quantity</arg>
</arguments>
<status status="PASS" starttime="20210116 23:34:21.373" endtime="20210116 23:34:21.452"></status>
</kw>
<kw name="Input Text" library="SeleniumLibrary">
<doc>Types the given ``text`` into the text field identified by ``locator``.</doc>
<arguments>
<arg>id:input-quantity</arg>
<arg>4</arg>
</arguments>
<msg timestamp="20210116 23:34:21.453" level="INFO">Typing text '4' into text field 'id:input-quantity'.</msg>
<status status="PASS" starttime="20210116 23:34:21.452" endtime="20210116 23:34:21.512"></status>
</kw>
<kw name="Click Button" library="SeleniumLibrary">
<doc>Clicks the button identified by ``locator``.</doc>
<arguments>
<arg>id:button-cart</arg>
</arguments>
<msg timestamp="20210116 23:34:21.512" level="INFO">Clicking button 'id:button-cart'.</msg>
<status status="PASS" starttime="20210116 23:34:21.512" endtime="20210116 23:34:21.569"></status>
</kw>
<status status="PASS" starttime="20210116 23:34:21.372" endtime="20210116 23:34:21.569" critical="yes"></status>
</test>
<test id="s1-t4" name="Confirm Order">
<kw name="Set Screenshot Directory" library="SeleniumLibrary" type="setup">
<doc>Sets the directory for captured screenshots.</doc>
<arguments>
<arg>searchScreenshots</arg>
</arguments>
<status status="PASS" starttime="20210116 23:34:21.570" endtime="20210116 23:34:21.571"></status>
</kw>
<kw name="Click Element" library="SeleniumLibrary">
<doc>Click the element identified by ``locator``.</doc>
<arguments>
<arg>css:div#cart button</arg>
</arguments>
<msg timestamp="20210116 23:34:21.571" level="INFO">Clicking element 'css:div#cart button'.</msg>
<status status="PASS" starttime="20210116 23:34:21.571" endtime="20210116 23:34:21.623"></status>
</kw>
<kw name="Click Element" library="SeleniumLibrary">
<doc>Click the element identified by ``locator``.</doc>
<arguments>
<arg>partial link:Checkout</arg>
</arguments>
<msg timestamp="20210116 23:34:21.624" level="INFO">Clicking element 'partial link:Checkout'.</msg>
<status status="PASS" starttime="20210116 23:34:21.624" endtime="20210116 23:34:21.839"></status>
</kw>
<kw name="Wait Until Element Is Visible" library="SeleniumLibrary">
<doc>Waits until the element ``locator`` is visible.</doc>
<arguments>
<arg>xpath=//*[@id="button-account"]</arg>
</arguments>
<status status="PASS" starttime="20210116 23:34:21.840" endtime="20210116 23:34:22.119"></status>
</kw>
<kw name="Click Element" library="SeleniumLibrary">
<doc>Click the element identified by ``locator``.</doc>
<arguments>
<arg>xpath=//*[@value="guest"]</arg>
</arguments>
<msg timestamp="20210116 23:34:22.120" level="INFO">Clicking element 'xpath=//*[@value="guest"]'.</msg>
<status status="PASS" starttime="20210116 23:34:22.120" endtime="20210116 23:34:22.172"></status>
</kw>
<kw name="Sleep" library="BuiltIn">
<doc>Pauses the test executed for the given time.</doc>
<arguments>
<arg>1s</arg>
</arguments>
<msg timestamp="20210116 23:34:23.173" level="INFO">Slept 1 second</msg>
<status status="PASS" starttime="20210116 23:34:22.172" endtime="20210116 23:34:23.173"></status>
</kw>
<kw name="Click Button" library="SeleniumLibrary">
<doc>Clicks the button identified by ``locator``.</doc>
<arguments>
<arg>id:button-account</arg>
</arguments>
<msg timestamp="20210116 23:34:23.174" level="INFO">Clicking button 'id:button-account'.</msg>
<status status="PASS" starttime="20210116 23:34:23.174" endtime="20210116 23:34:23.216"></status>
</kw>
<kw name="Sleep" library="BuiltIn">
<doc>Pauses the test executed for the given time.</doc>
<arguments>
<arg>1s</arg>
</arguments>
<msg timestamp="20210116 23:34:24.217" level="INFO">Slept 1 second</msg>
<status status="PASS" starttime="20210116 23:34:23.216" endtime="20210116 23:34:24.217"></status>
</kw>
<kw name="Input Text" library="SeleniumLibrary">
<doc>Types the given ``text`` into the text field identified by ``locator``.</doc>
<arguments>
<arg>id:input-payment-firstname</arg>
<arg>${DEFAULT_TEXT}</arg>
</arguments>
<msg timestamp="20210116 23:34:24.217" level="INFO">Typing text 'blah-blah' into text field 'id:input-payment-firstname'.</msg>
<status status="PASS" starttime="20210116 23:34:24.217" endtime="20210116 23:34:24.296"></status>
</kw>
<kw name="Input Text" library="SeleniumLibrary">
<doc>Types the given ``text`` into the text field identified by ``locator``.</doc>
<arguments>
<arg>id:input-payment-lastname</arg>
<arg>${DEFAULT_TEXT}</arg>
</arguments>
<msg timestamp="20210116 23:34:24.297" level="INFO">Typing text 'blah-blah' into text field 'id:input-payment-lastname'.</msg>
<status status="PASS" starttime="20210116 23:34:24.297" endtime="20210116 23:34:24.357"></status>
</kw>
<kw name="Input Text" library="SeleniumLibrary">
<doc>Types the given ``text`` into the text field identified by ``locator``.</doc>
<arguments>
<arg>id:input-payment-email</arg>
<arg>${DEFAULT_TEXT}@gmaik.com</arg>
</arguments>
<msg timestamp="20210116 23:34:24.357" level="INFO">Typing text 'blah-blah@gmaik.com' into text field 'id:input-payment-email'.</msg>
<status status="PASS" starttime="20210116 23:34:24.357" endtime="20210116 23:34:24.422"></status>
</kw>
<kw name="Input Text" library="SeleniumLibrary">
<doc>Types the given ``text`` into the text field identified by ``locator``.</doc>
<arguments>
<arg>id:input-payment-telephone</arg>
<arg>${DEFAULT_TEXT}</arg>
</arguments>
<msg timestamp="20210116 23:34:24.423" level="INFO">Typing text 'blah-blah' into text field 'id:input-payment-telephone'.</msg>
<status status="PASS" starttime="20210116 23:34:24.422" endtime="20210116 23:34:24.506"></status>
</kw>
<kw name="Input Text" library="SeleniumLibrary">
<doc>Types the given ``text`` into the text field identified by ``locator``.</doc>
<arguments>
<arg>id:input-payment-address-1</arg>
<arg>${DEFAULT_TEXT}</arg>
</arguments>
<msg timestamp="20210116 23:34:24.507" level="INFO">Typing text 'blah-blah' into text field 'id:input-payment-address-1'.</msg>
<status status="PASS" starttime="20210116 23:34:24.506" endtime="20210116 23:34:24.592"></status>
</kw>
<kw name="Input Text" library="SeleniumLibrary">
<doc>Types the given ``text`` into the text field identified by ``locator``.</doc>
<arguments>
<arg>id:input-payment-city</arg>
<arg>${DEFAULT_TEXT}</arg>
</arguments>
<msg timestamp="20210116 23:34:24.593" level="INFO">Typing text 'blah-blah' into text field 'id:input-payment-city'.</msg>
<status status="PASS" starttime="20210116 23:34:24.592" endtime="20210116 23:34:24.662"></status>
</kw>
<kw name="Input Text" library="SeleniumLibrary">
<doc>Types the given ``text`` into the text field identified by ``locator``.</doc>
<arguments>
<arg>id:input-payment-postcode</arg>
<arg>79000</arg>
</arguments>
<msg timestamp="20210116 23:34:24.662" level="INFO">Typing text '79000' into text field 'id:input-payment-postcode'.</msg>
<status status="PASS" starttime="20210116 23:34:24.662" endtime="20210116 23:34:24.720"></status>
</kw>
<kw name="Select From List By Value" library="SeleniumLibrary">
<doc>Selects options from selection list ``locator`` by ``values``.</doc>
<arguments>
<arg>id:input-payment-zone</arg>
<arg>3514</arg>
</arguments>
<msg timestamp="20210116 23:34:24.720" level="INFO">Selecting options from selection list 'id:input-payment-zone' by value 3514.</msg>
<status status="PASS" starttime="20210116 23:34:24.720" endtime="20210116 23:34:24.760"></status>
</kw>
<kw name="Click Button" library="SeleniumLibrary">
<doc>Clicks the button identified by ``locator``.</doc>
<arguments>
<arg>id:button-guest</arg>
</arguments>
<msg timestamp="20210116 23:34:24.760" level="INFO">Clicking button 'id:button-guest'.</msg>
<status status="PASS" starttime="20210116 23:34:24.760" endtime="20210116 23:34:24.796"></status>
</kw>
<kw name="Wait Until Element Is Visible" library="SeleniumLibrary">
<doc>Waits until the element ``locator`` is visible.</doc>
<arguments>
<arg>xpath=//*[@id="button-shipping-method"]</arg>
</arguments>
<status status="PASS" starttime="20210116 23:34:24.796" endtime="20210116 23:34:25.243"></status>
</kw>
<kw name="Click Button" library="SeleniumLibrary">
<doc>Clicks the button identified by ``locator``.</doc>
<arguments>
<arg>id:button-shipping-method</arg>
</arguments>
<msg timestamp="20210116 23:34:25.244" level="INFO">Clicking button 'id:button-shipping-method'.</msg>
<status status="PASS" starttime="20210116 23:34:25.244" endtime="20210116 23:34:25.292"></status>
</kw>
<kw name="Wait Until Element Is Visible" library="SeleniumLibrary">
<doc>Waits until the element ``locator`` is visible.</doc>
<arguments>
<arg>xpath=//*[@id="collapse-payment-method"]/div/div[2]/div/input[1]</arg>
</arguments>
<status status="PASS" starttime="20210116 23:34:25.292" endtime="20210116 23:34:25.731"></status>
</kw>
<kw name="Click Element" library="SeleniumLibrary">
<doc>Click the element identified by ``locator``.</doc>
<arguments>
<arg>xpath=//*[@id="collapse-payment-method"]/div/div[2]/div/input[1]</arg>
</arguments>
<msg timestamp="20210116 23:34:25.732" level="INFO">Clicking element 'xpath=//*[@id="collapse-payment-method"]/div/div[2]/div/input[1]'.</msg>
<status status="PASS" starttime="20210116 23:34:25.732" endtime="20210116 23:34:25.759"></status>
</kw>
<kw name="Click Button" library="SeleniumLibrary">
<doc>Clicks the button identified by ``locator``.</doc>
<arguments>
<arg>id:button-payment-method</arg>
</arguments>
<msg timestamp="20210116 23:34:25.759" level="INFO">Clicking button 'id:button-payment-method'.</msg>
<status status="PASS" starttime="20210116 23:34:25.759" endtime="20210116 23:34:25.795"></status>
</kw>
<kw name="Wait Until Element Is Visible" library="SeleniumLibrary">
<doc>Waits until the element ``locator`` is visible.</doc>
<arguments>
<arg>xpath=//*[@id="button-confirm"]</arg>
</arguments>
<status status="PASS" starttime="20210116 23:34:25.795" endtime="20210116 23:34:26.245"></status>
</kw>
<kw name="Click Button" library="SeleniumLibrary">
<doc>Clicks the button identified by ``locator``.</doc>
<arguments>
<arg>id:button-confirm</arg>
</arguments>
<msg timestamp="20210116 23:34:26.245" level="INFO">Clicking button 'id:button-confirm'.</msg>
<status status="PASS" starttime="20210116 23:34:26.245" endtime="20210116 23:34:26.295"></status>
</kw>
<kw name="Wait Until Page Contains Element" library="SeleniumLibrary">
<doc>Waits until the element ``locator`` appears on the current page.</doc>
<arguments>
<arg>xpath=//*[@id="content"]/div/div/a</arg>
</arguments>
<status status="PASS" starttime="20210116 23:34:26.295" endtime="20210116 23:34:26.516"></status>
</kw>
<kw name="Click Link" library="SeleniumLibrary">
<doc>Clicks a link identified by ``locator``.</doc>
<arguments>
<arg>Continue</arg>
</arguments>
<msg timestamp="20210116 23:34:26.517" level="INFO">Clicking link 'Continue'.</msg>
<status status="PASS" starttime="20210116 23:34:26.516" endtime="20210116 23:34:26.714"></status>
</kw>
<kw name="Sleep" library="BuiltIn">
<doc>Pauses the test executed for the given time.</doc>
<arguments>
<arg>2s</arg>
</arguments>
<msg timestamp="20210116 23:34:28.715" level="INFO">Slept 2 seconds</msg>
<status status="PASS" starttime="20210116 23:34:26.714" endtime="20210116 23:34:28.715"></status>
</kw>
<status status="PASS" starttime="20210116 23:34:21.570" endtime="20210116 23:34:28.715" critical="yes"></status>
</test>
<kw name="Close Browser" library="SeleniumLibrary" type="teardown">
<doc>Closes the current browser.</doc>
<status status="PASS" starttime="20210116 23:34:28.716" endtime="20210116 23:34:28.772"></status>
</kw>
<status status="PASS" starttime="20210116 23:34:18.142" endtime="20210116 23:34:28.772"></status>
</suite>
<statistics>
<total>
<stat pass="4" fail="0">Critical Tests</stat>
<stat pass="4" fail="0">All Tests</stat>
</total>
<tag>
</tag>
<suite>
<stat pass="4" fail="0" id="s1" name="labOpenCart">labOpenCart</stat>
</suite>
</statistics>
<errors>
</errors>
</robot>
